<?xml version="1.0" encoding="UTF-8"?>
<testsuites>
  <testsuite name="/app/phpunit.xml.dist" tests="24" assertions="27" errors="0" failures="0" skipped="0" time="1.913218">
    <testsuite name="Feature" tests="24" assertions="27" errors="0" failures="0" skipped="0" time="1.913218">
      <testsuite name="Tests\Feature\Playground\Make\Model\Console\Commands\About\CommandTest" file="/app/tests/Feature/Console/Commands/About/CommandTest.php" tests="1" assertions="2" errors="0" failures="0" skipped="0" time="0.944001">
        <testcase name="test_command_about_displays_package_information_and_succeed_with_code_0" file="/app/tests/Feature/Console/Commands/About/CommandTest.php" line="27" class="Tests\Feature\Playground\Make\Model\Console\Commands\About\CommandTest" classname="Tests.Feature.Playground.Make.Model.Console.Commands.About.CommandTest" assertions="2" time="0.944001"/>
      </testsuite>
      <testsuite name="Tests\Feature\Playground\Make\Model\Console\Commands\FactoryMakeCommand\CommandTest" file="/app/tests/Feature/Console/Commands/FactoryMakeCommand/CommandTest.php" tests="2" assertions="3" errors="0" failures="0" skipped="0" time="0.071174">
        <testcase name="test_command_without_options_or_arguments" file="/app/tests/Feature/Console/Commands/FactoryMakeCommand/CommandTest.php" line="19" class="Tests\Feature\Playground\Make\Model\Console\Commands\FactoryMakeCommand\CommandTest" classname="Tests.Feature.Playground.Make.Model.Console.Commands.FactoryMakeCommand.CommandTest" assertions="2" time="0.040134"/>
        <testcase name="test_command_skeleton" file="/app/tests/Feature/Console/Commands/FactoryMakeCommand/CommandTest.php" line="29" class="Tests\Feature\Playground\Make\Model\Console\Commands\FactoryMakeCommand\CommandTest" classname="Tests.Feature.Playground.Make.Model.Console.Commands.FactoryMakeCommand.CommandTest" assertions="1" time="0.031041"/>
      </testsuite>
      <testsuite name="Tests\Feature\Playground\Make\Model\Console\Commands\FactoryMakeCommand\ModelTest" file="/app/tests/Feature/Console/Commands/FactoryMakeCommand/ModelTest.php" tests="2" assertions="2" errors="0" failures="0" skipped="0" time="0.065532">
        <testcase name="test_command_make_factory_with_force_and_without_skeleton" file="/app/tests/Feature/Console/Commands/FactoryMakeCommand/ModelTest.php" line="19" class="Tests\Feature\Playground\Make\Model\Console\Commands\FactoryMakeCommand\ModelTest" classname="Tests.Feature.Playground.Make.Model.Console.Commands.FactoryMakeCommand.ModelTest" assertions="1" time="0.034001"/>
        <testcase name="test_command_make_factory_with_force_and_with_skeleton" file="/app/tests/Feature/Console/Commands/FactoryMakeCommand/ModelTest.php" line="33" class="Tests\Feature\Playground\Make\Model\Console\Commands\FactoryMakeCommand\ModelTest" classname="Tests.Feature.Playground.Make.Model.Console.Commands.FactoryMakeCommand.ModelTest" assertions="1" time="0.031531"/>
      </testsuite>
      <testsuite name="Tests\Feature\Playground\Make\Model\Console\Commands\ModelMakeCommand\CommandTest" file="/app/tests/Feature/Console/Commands/ModelMakeCommand/CommandTest.php" tests="3" assertions="4" errors="0" failures="0" skipped="0" time="0.143349">
        <testcase name="test_command_without_options_or_arguments" file="/app/tests/Feature/Console/Commands/ModelMakeCommand/CommandTest.php" line="19" class="Tests\Feature\Playground\Make\Model\Console\Commands\ModelMakeCommand\CommandTest" classname="Tests.Feature.Playground.Make.Model.Console.Commands.ModelMakeCommand.CommandTest" assertions="2" time="0.030298"/>
        <testcase name="test_command_skeleton" file="/app/tests/Feature/Console/Commands/ModelMakeCommand/CommandTest.php" line="29" class="Tests\Feature\Playground\Make\Model\Console\Commands\ModelMakeCommand\CommandTest" classname="Tests.Feature.Playground.Make.Model.Console.Commands.ModelMakeCommand.CommandTest" assertions="1" time="0.080761"/>
        <testcase name="test_command_with_invalid_file" file="/app/tests/Feature/Console/Commands/ModelMakeCommand/CommandTest.php" line="38" class="Tests\Feature\Playground\Make\Model\Console\Commands\ModelMakeCommand\CommandTest" classname="Tests.Feature.Playground.Make.Model.Console.Commands.ModelMakeCommand.CommandTest" assertions="1" time="0.032290"/>
      </testsuite>
      <testsuite name="Tests\Feature\Playground\Make\Model\Console\Commands\ModelMakeCommand\ConfigurationTest" file="/app/tests/Feature/Console/Commands/ModelMakeCommand/ConfigurationTest.php" tests="1" assertions="1" errors="0" failures="0" skipped="0" time="0.089239">
        <testcase name="test_command_with_file_skeleton_and_force" file="/app/tests/Feature/Console/Commands/ModelMakeCommand/ConfigurationTest.php" line="20" class="Tests\Feature\Playground\Make\Model\Console\Commands\ModelMakeCommand\ConfigurationTest" classname="Tests.Feature.Playground.Make.Model.Console.Commands.ModelMakeCommand.ConfigurationTest" assertions="1" time="0.089239"/>
      </testsuite>
      <testsuite name="Tests\Feature\Playground\Make\Model\Console\Commands\ModelMakeCommand\ModelTest" file="/app/tests/Feature/Console/Commands/ModelMakeCommand/ModelTest.php" tests="5" assertions="5" errors="0" failures="0" skipped="0" time="0.268252">
        <testcase name="test_command_make_model_with_force" file="/app/tests/Feature/Console/Commands/ModelMakeCommand/ModelTest.php" line="19" class="Tests\Feature\Playground\Make\Model\Console\Commands\ModelMakeCommand\ModelTest" classname="Tests.Feature.Playground.Make.Model.Console.Commands.ModelMakeCommand.ModelTest" assertions="1" time="0.053167"/>
        <testcase name="test_command_make_playground_model_api_with_force" file="/app/tests/Feature/Console/Commands/ModelMakeCommand/ModelTest.php" line="33" class="Tests\Feature\Playground\Make\Model\Console\Commands\ModelMakeCommand\ModelTest" classname="Tests.Feature.Playground.Make.Model.Console.Commands.ModelMakeCommand.ModelTest" assertions="1" time="0.054831"/>
        <testcase name="test_command_make_playground_model_resource_with_force" file="/app/tests/Feature/Console/Commands/ModelMakeCommand/ModelTest.php" line="47" class="Tests\Feature\Playground\Make\Model\Console\Commands\ModelMakeCommand\ModelTest" classname="Tests.Feature.Playground.Make.Model.Console.Commands.ModelMakeCommand.ModelTest" assertions="1" time="0.051910"/>
        <testcase name="test_command_make_all_playground_model_api_with_force" file="/app/tests/Feature/Console/Commands/ModelMakeCommand/ModelTest.php" line="61" class="Tests\Feature\Playground\Make\Model\Console\Commands\ModelMakeCommand\ModelTest" classname="Tests.Feature.Playground.Make.Model.Console.Commands.ModelMakeCommand.ModelTest" assertions="1" time="0.056770"/>
        <testcase name="test_command_make_all_playground_model_resource_with_force" file="/app/tests/Feature/Console/Commands/ModelMakeCommand/ModelTest.php" line="75" class="Tests\Feature\Playground\Make\Model\Console\Commands\ModelMakeCommand\ModelTest" classname="Tests.Feature.Playground.Make.Model.Console.Commands.ModelMakeCommand.ModelTest" assertions="1" time="0.051575"/>
      </testsuite>
      <testsuite name="Tests\Feature\Playground\Make\Model\Console\Commands\ModelMakeCommand\OptionsTest" file="/app/tests/Feature/Console/Commands/ModelMakeCommand/OptionsTest.php" tests="10" assertions="10" errors="0" failures="0" skipped="0" time="0.331671">
        <testcase name="test_command_make_model_with_all_of_the_option_flags_except_test" file="/app/tests/Feature/Console/Commands/ModelMakeCommand/OptionsTest.php" line="19" class="Tests\Feature\Playground\Make\Model\Console\Commands\ModelMakeCommand\OptionsTest" classname="Tests.Feature.Playground.Make.Model.Console.Commands.ModelMakeCommand.OptionsTest" assertions="1" time="0.033173"/>
        <testcase name="test_command_make_model_with_pivot_type" file="/app/tests/Feature/Console/Commands/ModelMakeCommand/OptionsTest.php" line="31" class="Tests\Feature\Playground\Make\Model\Console\Commands\ModelMakeCommand\OptionsTest" classname="Tests.Feature.Playground.Make.Model.Console.Commands.ModelMakeCommand.OptionsTest" assertions="1" time="0.034107"/>
        <testcase name="test_command_make_model_with_pivot_option" file="/app/tests/Feature/Console/Commands/ModelMakeCommand/OptionsTest.php" line="42" class="Tests\Feature\Playground\Make\Model\Console\Commands\ModelMakeCommand\OptionsTest" classname="Tests.Feature.Playground.Make.Model.Console.Commands.ModelMakeCommand.OptionsTest" assertions="1" time="0.033762"/>
        <testcase name="test_command_make_model_with_morph_pivot_type" file="/app/tests/Feature/Console/Commands/ModelMakeCommand/OptionsTest.php" line="53" class="Tests\Feature\Playground\Make\Model\Console\Commands\ModelMakeCommand\OptionsTest" classname="Tests.Feature.Playground.Make.Model.Console.Commands.ModelMakeCommand.OptionsTest" assertions="1" time="0.033786"/>
        <testcase name="test_command_make_model_with_morph_pivot_option" file="/app/tests/Feature/Console/Commands/ModelMakeCommand/OptionsTest.php" line="64" class="Tests\Feature\Playground\Make\Model\Console\Commands\ModelMakeCommand\OptionsTest" classname="Tests.Feature.Playground.Make.Model.Console.Commands.ModelMakeCommand.OptionsTest" assertions="1" time="0.032091"/>
        <testcase name="test_command_make_model_with_api_type" file="/app/tests/Feature/Console/Commands/ModelMakeCommand/OptionsTest.php" line="75" class="Tests\Feature\Playground\Make\Model\Console\Commands\ModelMakeCommand\OptionsTest" classname="Tests.Feature.Playground.Make.Model.Console.Commands.ModelMakeCommand.OptionsTest" assertions="1" time="0.032829"/>
        <testcase name="test_command_make_model_with_abstract_type" file="/app/tests/Feature/Console/Commands/ModelMakeCommand/OptionsTest.php" line="86" class="Tests\Feature\Playground\Make\Model\Console\Commands\ModelMakeCommand\OptionsTest" classname="Tests.Feature.Playground.Make.Model.Console.Commands.ModelMakeCommand.OptionsTest" assertions="1" time="0.033004"/>
        <testcase name="test_command_make_model_with_model_type" file="/app/tests/Feature/Console/Commands/ModelMakeCommand/OptionsTest.php" line="97" class="Tests\Feature\Playground\Make\Model\Console\Commands\ModelMakeCommand\OptionsTest" classname="Tests.Feature.Playground.Make.Model.Console.Commands.ModelMakeCommand.OptionsTest" assertions="1" time="0.032757"/>
        <testcase name="test_command_make_model_with_api_controller_option" file="/app/tests/Feature/Console/Commands/ModelMakeCommand/OptionsTest.php" line="108" class="Tests\Feature\Playground\Make\Model\Console\Commands\ModelMakeCommand\OptionsTest" classname="Tests.Feature.Playground.Make.Model.Console.Commands.ModelMakeCommand.OptionsTest" assertions="1" time="0.033165"/>
        <testcase name="test_command_make_model_with_resource_controller_option" file="/app/tests/Feature/Console/Commands/ModelMakeCommand/OptionsTest.php" line="119" class="Tests\Feature\Playground\Make\Model\Console\Commands\ModelMakeCommand\OptionsTest" classname="Tests.Feature.Playground.Make.Model.Console.Commands.ModelMakeCommand.OptionsTest" assertions="1" time="0.032998"/>
      </testsuite>
    </testsuite>
  </testsuite>
</testsuites>
