<?xml version="1.0" encoding="UTF-8"?>
<testsuites>
  <testsuite name="/app/phpunit-ci.xml" tests="57" assertions="126" errors="0" failures="0" skipped="1" time="3.343883">
    <testsuite name="Unit" tests="12" assertions="66" errors="0" failures="0" skipped="0" time="0.506240">
      <testsuite name="Tests\Unit\Playground\Make\Model\Configuration\Factory\InstanceTest" file="/app/tests/Unit/Configuration/Factory/InstanceTest.php" tests="4" assertions="21" errors="0" failures="0" skipped="0" time="0.305103">
        <testcase name="test_instance" file="/app/tests/Unit/Configuration/Factory/InstanceTest.php" line="19" class="Tests\Unit\Playground\Make\Model\Configuration\Factory\InstanceTest" classname="Tests.Unit.Playground.Make.Model.Configuration.Factory.InstanceTest" assertions="1" time="0.231017"/>
        <testcase name="test_instance_apply_without_options" file="/app/tests/Unit/Configuration/Factory/InstanceTest.php" line="47" class="Tests\Unit\Playground\Make\Model\Configuration\Factory\InstanceTest" classname="Tests.Unit.Playground.Make.Model.Configuration.Factory.InstanceTest" assertions="4" time="0.024751"/>
        <testcase name="test_folder_is_empty_by_default" file="/app/tests/Unit/Configuration/Factory/InstanceTest.php" line="64" class="Tests\Unit\Playground\Make\Model\Configuration\Factory\InstanceTest" classname="Tests.Unit.Playground.Make.Model.Configuration.Factory.InstanceTest" assertions="3" time="0.023259"/>
        <testcase name="test_factory_for_model_with_file_and_skeleton" file="/app/tests/Unit/Configuration/Factory/InstanceTest.php" line="74" class="Tests\Unit\Playground\Make\Model\Configuration\Factory\InstanceTest" classname="Tests.Unit.Playground.Make.Model.Configuration.Factory.InstanceTest" assertions="13" time="0.026076"/>
      </testsuite>
      <testsuite name="Tests\Unit\Playground\Make\Model\Configuration\Migration\InstanceTest" file="/app/tests/Unit/Configuration/Migration/InstanceTest.php" tests="4" assertions="24" errors="0" failures="0" skipped="0" time="0.102590">
        <testcase name="test_instance" file="/app/tests/Unit/Configuration/Migration/InstanceTest.php" line="19" class="Tests\Unit\Playground\Make\Model\Configuration\Migration\InstanceTest" classname="Tests.Unit.Playground.Make.Model.Configuration.Migration.InstanceTest" assertions="1" time="0.034328"/>
        <testcase name="test_instance_apply_without_options" file="/app/tests/Unit/Configuration/Migration/InstanceTest.php" line="47" class="Tests\Unit\Playground\Make\Model\Configuration\Migration\InstanceTest" classname="Tests.Unit.Playground.Make.Model.Configuration.Migration.InstanceTest" assertions="4" time="0.023004"/>
        <testcase name="test_folder_is_empty_by_default" file="/app/tests/Unit/Configuration/Migration/InstanceTest.php" line="64" class="Tests\Unit\Playground\Make\Model\Configuration\Migration\InstanceTest" classname="Tests.Unit.Playground.Make.Model.Configuration.Migration.InstanceTest" assertions="3" time="0.022331"/>
        <testcase name="test_migration_for_model_with_file_and_skeleton" file="/app/tests/Unit/Configuration/Migration/InstanceTest.php" line="74" class="Tests\Unit\Playground\Make\Model\Configuration\Migration\InstanceTest" classname="Tests.Unit.Playground.Make.Model.Configuration.Migration.InstanceTest" assertions="16" time="0.022926"/>
      </testsuite>
      <testsuite name="Tests\Unit\Playground\Make\Model\Configuration\Seeder\InstanceTest" file="/app/tests/Unit/Configuration/Seeder/InstanceTest.php" tests="4" assertions="21" errors="0" failures="0" skipped="0" time="0.098547">
        <testcase name="test_instance" file="/app/tests/Unit/Configuration/Seeder/InstanceTest.php" line="19" class="Tests\Unit\Playground\Make\Model\Configuration\Seeder\InstanceTest" classname="Tests.Unit.Playground.Make.Model.Configuration.Seeder.InstanceTest" assertions="1" time="0.029399"/>
        <testcase name="test_instance_apply_without_options" file="/app/tests/Unit/Configuration/Seeder/InstanceTest.php" line="46" class="Tests\Unit\Playground\Make\Model\Configuration\Seeder\InstanceTest" classname="Tests.Unit.Playground.Make.Model.Configuration.Seeder.InstanceTest" assertions="4" time="0.022050"/>
        <testcase name="test_folder_is_empty_by_default" file="/app/tests/Unit/Configuration/Seeder/InstanceTest.php" line="63" class="Tests\Unit\Playground\Make\Model\Configuration\Seeder\InstanceTest" classname="Tests.Unit.Playground.Make.Model.Configuration.Seeder.InstanceTest" assertions="3" time="0.022233"/>
        <testcase name="test_seeder_for_model_with_file_and_skeleton" file="/app/tests/Unit/Configuration/Seeder/InstanceTest.php" line="73" class="Tests\Unit\Playground\Make\Model\Configuration\Seeder\InstanceTest" classname="Tests.Unit.Playground.Make.Model.Configuration.Seeder.InstanceTest" assertions="13" time="0.024865"/>
      </testsuite>
    </testsuite>
    <testsuite name="Feature" tests="45" assertions="60" errors="0" failures="0" skipped="1" time="2.837643">
      <testsuite name="Tests\Feature\Playground\Make\Model\Console\Commands\About\CommandTest" file="/app/tests/Feature/Console/Commands/About/CommandTest.php" tests="1" assertions="2" errors="0" failures="0" skipped="0" time="0.729982">
        <testcase name="test_command_about_displays_package_information_and_succeed_with_code_0" file="/app/tests/Feature/Console/Commands/About/CommandTest.php" line="27" class="Tests\Feature\Playground\Make\Model\Console\Commands\About\CommandTest" classname="Tests.Feature.Playground.Make.Model.Console.Commands.About.CommandTest" assertions="2" time="0.729982"/>
      </testsuite>
      <testsuite name="Tests\Feature\Playground\Make\Model\Console\Commands\FactoryMakeCommand\CommandTest" file="/app/tests/Feature/Console/Commands/FactoryMakeCommand/CommandTest.php" tests="2" assertions="3" errors="0" failures="0" skipped="0" time="0.151293">
        <testcase name="test_command_without_options_or_arguments" file="/app/tests/Feature/Console/Commands/FactoryMakeCommand/CommandTest.php" line="19" class="Tests\Feature\Playground\Make\Model\Console\Commands\FactoryMakeCommand\CommandTest" classname="Tests.Feature.Playground.Make.Model.Console.Commands.FactoryMakeCommand.CommandTest" assertions="2" time="0.119709"/>
        <testcase name="test_command_skeleton" file="/app/tests/Feature/Console/Commands/FactoryMakeCommand/CommandTest.php" line="29" class="Tests\Feature\Playground\Make\Model\Console\Commands\FactoryMakeCommand\CommandTest" classname="Tests.Feature.Playground.Make.Model.Console.Commands.FactoryMakeCommand.CommandTest" assertions="1" time="0.031584"/>
      </testsuite>
      <testsuite name="Tests\Feature\Playground\Make\Model\Console\Commands\FactoryMakeCommand\ModelTest" file="/app/tests/Feature/Console/Commands/FactoryMakeCommand/ModelTest.php" tests="2" assertions="2" errors="0" failures="0" skipped="0" time="0.065651">
        <testcase name="test_command_make_factory_with_force_and_without_skeleton" file="/app/tests/Feature/Console/Commands/FactoryMakeCommand/ModelTest.php" line="19" class="Tests\Feature\Playground\Make\Model\Console\Commands\FactoryMakeCommand\ModelTest" classname="Tests.Feature.Playground.Make.Model.Console.Commands.FactoryMakeCommand.ModelTest" assertions="1" time="0.033741"/>
        <testcase name="test_command_make_factory_with_force_and_with_skeleton" file="/app/tests/Feature/Console/Commands/FactoryMakeCommand/ModelTest.php" line="33" class="Tests\Feature\Playground\Make\Model\Console\Commands\FactoryMakeCommand\ModelTest" classname="Tests.Feature.Playground.Make.Model.Console.Commands.FactoryMakeCommand.ModelTest" assertions="1" time="0.031910"/>
      </testsuite>
      <testsuite name="Tests\Feature\Playground\Make\Model\Console\Commands\MigrationMakeCommand\CommandTest" file="/app/tests/Feature/Console/Commands/MigrationMakeCommand/CommandTest.php" tests="6" assertions="9" errors="0" failures="0" skipped="1" time="0.173774">
        <testcase name="test_command_without_argument_and_with_table_option" file="/app/tests/Feature/Console/Commands/MigrationMakeCommand/CommandTest.php" line="17" class="Tests\Feature\Playground\Make\Model\Console\Commands\MigrationMakeCommand\CommandTest" classname="Tests.Feature.Playground.Make.Model.Console.Commands.MigrationMakeCommand.CommandTest" assertions="2" time="0.028687"/>
        <testcase name="test_command_with_reserved_name" file="/app/tests/Feature/Console/Commands/MigrationMakeCommand/CommandTest.php" line="27" class="Tests\Feature\Playground\Make\Model\Console\Commands\MigrationMakeCommand\CommandTest" classname="Tests.Feature.Playground.Make.Model.Console.Commands.MigrationMakeCommand.CommandTest" assertions="2" time="0.031918"/>
        <testcase name="test_command_skeleton" file="/app/tests/Feature/Console/Commands/MigrationMakeCommand/CommandTest.php" line="37" class="Tests\Feature\Playground\Make\Model\Console\Commands\MigrationMakeCommand\CommandTest" classname="Tests.Feature.Playground.Make.Model.Console.Commands.MigrationMakeCommand.CommandTest" assertions="1" time="0.029151"/>
        <testcase name="test_command_skeleton_without_force" file="/app/tests/Feature/Console/Commands/MigrationMakeCommand/CommandTest.php" line="46" class="Tests\Feature\Playground\Make\Model\Console\Commands\MigrationMakeCommand\CommandTest" classname="Tests.Feature.Playground.Make.Model.Console.Commands.MigrationMakeCommand.CommandTest" assertions="2" time="0.027462"/>
        <testcase name="test_command_skeleton_with_invalid_table_parameter" file="/app/tests/Feature/Console/Commands/MigrationMakeCommand/CommandTest.php" line="56" class="Tests\Feature\Playground\Make\Model\Console\Commands\MigrationMakeCommand\CommandTest" classname="Tests.Feature.Playground.Make.Model.Console.Commands.MigrationMakeCommand.CommandTest" assertions="2" time="0.032517"/>
        <testcase name="test_command_skeleton_with_invalid_table_in_file" file="/app/tests/Feature/Console/Commands/MigrationMakeCommand/CommandTest.php" line="67" class="Tests\Feature\Playground\Make\Model\Console\Commands\MigrationMakeCommand\CommandTest" classname="Tests.Feature.Playground.Make.Model.Console.Commands.MigrationMakeCommand.CommandTest" assertions="0" time="0.024038">
          <skipped/>
        </testcase>
      </testsuite>
      <testsuite name="Tests\Feature\Playground\Make\Model\Console\Commands\MigrationMakeCommand\InteractiveTest" file="/app/tests/Feature/Console/Commands/MigrationMakeCommand/InteractiveTest.php" tests="2" assertions="7" errors="0" failures="0" skipped="0" time="0.062071">
        <testcase name="test_command_with_interactive_option" file="/app/tests/Feature/Console/Commands/MigrationMakeCommand/InteractiveTest.php" line="23" class="Tests\Feature\Playground\Make\Model\Console\Commands\MigrationMakeCommand\InteractiveTest" classname="Tests.Feature.Playground.Make.Model.Console.Commands.MigrationMakeCommand.InteractiveTest" assertions="5" time="0.034595"/>
        <testcase name="test_command_with_interactive_option_and_cancel" file="/app/tests/Feature/Console/Commands/MigrationMakeCommand/InteractiveTest.php" line="39" class="Tests\Feature\Playground\Make\Model\Console\Commands\MigrationMakeCommand\InteractiveTest" classname="Tests.Feature.Playground.Make.Model.Console.Commands.MigrationMakeCommand.InteractiveTest" assertions="2" time="0.027476"/>
      </testsuite>
      <testsuite name="Tests\Feature\Playground\Make\Model\Console\Commands\MigrationMakeCommand\ModelTest" file="/app/tests/Feature/Console/Commands/MigrationMakeCommand/ModelTest.php" tests="10" assertions="12" errors="0" failures="0" skipped="0" time="0.333184">
        <testcase name="test_command_make_migration_without_name_with_force_and_without_skeleton" file="/app/tests/Feature/Console/Commands/MigrationMakeCommand/ModelTest.php" line="20" class="Tests\Feature\Playground\Make\Model\Console\Commands\MigrationMakeCommand\ModelTest" classname="Tests.Feature.Playground.Make.Model.Console.Commands.MigrationMakeCommand.ModelTest" assertions="2" time="0.029370"/>
        <testcase name="test_command_make_migration_with_force_and_with_skeleton" file="/app/tests/Feature/Console/Commands/MigrationMakeCommand/ModelTest.php" line="35" class="Tests\Feature\Playground\Make\Model\Console\Commands\MigrationMakeCommand\ModelTest" classname="Tests.Feature.Playground.Make.Model.Console.Commands.MigrationMakeCommand.ModelTest" assertions="1" time="0.033025"/>
        <testcase name="test_command_make_create_migration_with_force_and_without_skeleton" file="/app/tests/Feature/Console/Commands/MigrationMakeCommand/ModelTest.php" line="50" class="Tests\Feature\Playground\Make\Model\Console\Commands\MigrationMakeCommand\ModelTest" classname="Tests.Feature.Playground.Make.Model.Console.Commands.MigrationMakeCommand.ModelTest" assertions="1" time="0.029913"/>
        <testcase name="test_command_make_create_migration_without_name_with_force_and_without_skeleton" file="/app/tests/Feature/Console/Commands/MigrationMakeCommand/ModelTest.php" line="64" class="Tests\Feature\Playground\Make\Model\Console\Commands\MigrationMakeCommand\ModelTest" classname="Tests.Feature.Playground.Make.Model.Console.Commands.MigrationMakeCommand.ModelTest" assertions="2" time="0.028604"/>
        <testcase name="test_command_make_create_migration_with_force_and_with_skeleton" file="/app/tests/Feature/Console/Commands/MigrationMakeCommand/ModelTest.php" line="79" class="Tests\Feature\Playground\Make\Model\Console\Commands\MigrationMakeCommand\ModelTest" classname="Tests.Feature.Playground.Make.Model.Console.Commands.MigrationMakeCommand.ModelTest" assertions="1" time="0.038973"/>
        <testcase name="test_command_make_update_migration_with_force_and_without_skeleton" file="/app/tests/Feature/Console/Commands/MigrationMakeCommand/ModelTest.php" line="94" class="Tests\Feature\Playground\Make\Model\Console\Commands\MigrationMakeCommand\ModelTest" classname="Tests.Feature.Playground.Make.Model.Console.Commands.MigrationMakeCommand.ModelTest" assertions="1" time="0.032509"/>
        <testcase name="test_command_make_update_migration_with_force_and_with_skeleton" file="/app/tests/Feature/Console/Commands/MigrationMakeCommand/ModelTest.php" line="108" class="Tests\Feature\Playground\Make\Model\Console\Commands\MigrationMakeCommand\ModelTest" classname="Tests.Feature.Playground.Make.Model.Console.Commands.MigrationMakeCommand.ModelTest" assertions="1" time="0.034129"/>
        <testcase name="test_command_make_create_migration_and_load_model_from_migration_configuration" file="/app/tests/Feature/Console/Commands/MigrationMakeCommand/ModelTest.php" line="123" class="Tests\Feature\Playground\Make\Model\Console\Commands\MigrationMakeCommand\ModelTest" classname="Tests.Feature.Playground.Make.Model.Console.Commands.MigrationMakeCommand.ModelTest" assertions="1" time="0.034836"/>
        <testcase name="test_command_make_create_migration_with_bare_model_skeleton" file="/app/tests/Feature/Console/Commands/MigrationMakeCommand/ModelTest.php" line="139" class="Tests\Feature\Playground\Make\Model\Console\Commands\MigrationMakeCommand\ModelTest" classname="Tests.Feature.Playground.Make.Model.Console.Commands.MigrationMakeCommand.ModelTest" assertions="1" time="0.036179"/>
        <testcase name="test_command_make_create_migration_with_sparse_model_skeleton" file="/app/tests/Feature/Console/Commands/MigrationMakeCommand/ModelTest.php" line="153" class="Tests\Feature\Playground\Make\Model\Console\Commands\MigrationMakeCommand\ModelTest" classname="Tests.Feature.Playground.Make.Model.Console.Commands.MigrationMakeCommand.ModelTest" assertions="1" time="0.035646"/>
      </testsuite>
      <testsuite name="Tests\Feature\Playground\Make\Model\Console\Commands\ModelMakeCommand\CommandTest" file="/app/tests/Feature/Console/Commands/ModelMakeCommand/CommandTest.php" tests="3" assertions="4" errors="0" failures="0" skipped="0" time="0.137779">
        <testcase name="test_command_without_options_or_arguments" file="/app/tests/Feature/Console/Commands/ModelMakeCommand/CommandTest.php" line="19" class="Tests\Feature\Playground\Make\Model\Console\Commands\ModelMakeCommand\CommandTest" classname="Tests.Feature.Playground.Make.Model.Console.Commands.ModelMakeCommand.CommandTest" assertions="2" time="0.029496"/>
        <testcase name="test_command_skeleton" file="/app/tests/Feature/Console/Commands/ModelMakeCommand/CommandTest.php" line="29" class="Tests\Feature\Playground\Make\Model\Console\Commands\ModelMakeCommand\CommandTest" classname="Tests.Feature.Playground.Make.Model.Console.Commands.ModelMakeCommand.CommandTest" assertions="1" time="0.076193"/>
        <testcase name="test_command_with_invalid_file" file="/app/tests/Feature/Console/Commands/ModelMakeCommand/CommandTest.php" line="38" class="Tests\Feature\Playground\Make\Model\Console\Commands\ModelMakeCommand\CommandTest" classname="Tests.Feature.Playground.Make.Model.Console.Commands.ModelMakeCommand.CommandTest" assertions="1" time="0.032090"/>
      </testsuite>
      <testsuite name="Tests\Feature\Playground\Make\Model\Console\Commands\ModelMakeCommand\ConfigurationTest" file="/app/tests/Feature/Console/Commands/ModelMakeCommand/ConfigurationTest.php" tests="1" assertions="1" errors="0" failures="0" skipped="0" time="0.089372">
        <testcase name="test_command_with_file_skeleton_and_force" file="/app/tests/Feature/Console/Commands/ModelMakeCommand/ConfigurationTest.php" line="20" class="Tests\Feature\Playground\Make\Model\Console\Commands\ModelMakeCommand\ConfigurationTest" classname="Tests.Feature.Playground.Make.Model.Console.Commands.ModelMakeCommand.ConfigurationTest" assertions="1" time="0.089372"/>
      </testsuite>
      <testsuite name="Tests\Feature\Playground\Make\Model\Console\Commands\ModelMakeCommand\ModelTest" file="/app/tests/Feature/Console/Commands/ModelMakeCommand/ModelTest.php" tests="6" assertions="7" errors="0" failures="0" skipped="0" time="0.613536">
        <testcase name="test_command_make_model_with_force" file="/app/tests/Feature/Console/Commands/ModelMakeCommand/ModelTest.php" line="20" class="Tests\Feature\Playground\Make\Model\Console\Commands\ModelMakeCommand\ModelTest" classname="Tests.Feature.Playground.Make.Model.Console.Commands.ModelMakeCommand.ModelTest" assertions="1" time="0.068319"/>
        <testcase name="test_command_make_playground_model_api_with_force" file="/app/tests/Feature/Console/Commands/ModelMakeCommand/ModelTest.php" line="34" class="Tests\Feature\Playground\Make\Model\Console\Commands\ModelMakeCommand\ModelTest" classname="Tests.Feature.Playground.Make.Model.Console.Commands.ModelMakeCommand.ModelTest" assertions="1" time="0.100132"/>
        <testcase name="test_command_make_playground_model_resource_with_force" file="/app/tests/Feature/Console/Commands/ModelMakeCommand/ModelTest.php" line="48" class="Tests\Feature\Playground\Make\Model\Console\Commands\ModelMakeCommand\ModelTest" classname="Tests.Feature.Playground.Make.Model.Console.Commands.ModelMakeCommand.ModelTest" assertions="1" time="0.119912"/>
        <testcase name="test_command_make_all_playground_model_api_with_force" file="/app/tests/Feature/Console/Commands/ModelMakeCommand/ModelTest.php" line="62" class="Tests\Feature\Playground\Make\Model\Console\Commands\ModelMakeCommand\ModelTest" classname="Tests.Feature.Playground.Make.Model.Console.Commands.ModelMakeCommand.ModelTest" assertions="1" time="0.100105"/>
        <testcase name="test_command_make_all_playground_model_resource_with_force" file="/app/tests/Feature/Console/Commands/ModelMakeCommand/ModelTest.php" line="76" class="Tests\Feature\Playground\Make\Model\Console\Commands\ModelMakeCommand\ModelTest" classname="Tests.Feature.Playground.Make.Model.Console.Commands.ModelMakeCommand.ModelTest" assertions="1" time="0.099393"/>
        <testcase name="test_command_make_test_playground_model_resource_with_force" file="/app/tests/Feature/Console/Commands/ModelMakeCommand/ModelTest.php" line="90" class="Tests\Feature\Playground\Make\Model\Console\Commands\ModelMakeCommand\ModelTest" classname="Tests.Feature.Playground.Make.Model.Console.Commands.ModelMakeCommand.ModelTest" assertions="2" time="0.125677"/>
      </testsuite>
      <testsuite name="Tests\Feature\Playground\Make\Model\Console\Commands\ModelMakeCommand\OptionsTest" file="/app/tests/Feature/Console/Commands/ModelMakeCommand/OptionsTest.php" tests="10" assertions="10" errors="0" failures="0" skipped="0" time="0.427094">
        <testcase name="test_command_make_model_with_all_of_the_option_flags_except_test" file="/app/tests/Feature/Console/Commands/ModelMakeCommand/OptionsTest.php" line="19" class="Tests\Feature\Playground\Make\Model\Console\Commands\ModelMakeCommand\OptionsTest" classname="Tests.Feature.Playground.Make.Model.Console.Commands.ModelMakeCommand.OptionsTest" assertions="1" time="0.049933"/>
        <testcase name="test_command_make_model_with_pivot_type" file="/app/tests/Feature/Console/Commands/ModelMakeCommand/OptionsTest.php" line="31" class="Tests\Feature\Playground\Make\Model\Console\Commands\ModelMakeCommand\OptionsTest" classname="Tests.Feature.Playground.Make.Model.Console.Commands.ModelMakeCommand.OptionsTest" assertions="1" time="0.041003"/>
        <testcase name="test_command_make_model_with_pivot_option" file="/app/tests/Feature/Console/Commands/ModelMakeCommand/OptionsTest.php" line="42" class="Tests\Feature\Playground\Make\Model\Console\Commands\ModelMakeCommand\OptionsTest" classname="Tests.Feature.Playground.Make.Model.Console.Commands.ModelMakeCommand.OptionsTest" assertions="1" time="0.039204"/>
        <testcase name="test_command_make_model_with_morph_pivot_type" file="/app/tests/Feature/Console/Commands/ModelMakeCommand/OptionsTest.php" line="53" class="Tests\Feature\Playground\Make\Model\Console\Commands\ModelMakeCommand\OptionsTest" classname="Tests.Feature.Playground.Make.Model.Console.Commands.ModelMakeCommand.OptionsTest" assertions="1" time="0.039385"/>
        <testcase name="test_command_make_model_with_morph_pivot_option" file="/app/tests/Feature/Console/Commands/ModelMakeCommand/OptionsTest.php" line="64" class="Tests\Feature\Playground\Make\Model\Console\Commands\ModelMakeCommand\OptionsTest" classname="Tests.Feature.Playground.Make.Model.Console.Commands.ModelMakeCommand.OptionsTest" assertions="1" time="0.039410"/>
        <testcase name="test_command_make_model_with_api_type" file="/app/tests/Feature/Console/Commands/ModelMakeCommand/OptionsTest.php" line="75" class="Tests\Feature\Playground\Make\Model\Console\Commands\ModelMakeCommand\OptionsTest" classname="Tests.Feature.Playground.Make.Model.Console.Commands.ModelMakeCommand.OptionsTest" assertions="1" time="0.037493"/>
        <testcase name="test_command_make_model_with_abstract_type" file="/app/tests/Feature/Console/Commands/ModelMakeCommand/OptionsTest.php" line="86" class="Tests\Feature\Playground\Make\Model\Console\Commands\ModelMakeCommand\OptionsTest" classname="Tests.Feature.Playground.Make.Model.Console.Commands.ModelMakeCommand.OptionsTest" assertions="1" time="0.034913"/>
        <testcase name="test_command_make_model_with_model_type" file="/app/tests/Feature/Console/Commands/ModelMakeCommand/OptionsTest.php" line="97" class="Tests\Feature\Playground\Make\Model\Console\Commands\ModelMakeCommand\OptionsTest" classname="Tests.Feature.Playground.Make.Model.Console.Commands.ModelMakeCommand.OptionsTest" assertions="1" time="0.034345"/>
        <testcase name="test_command_make_model_with_api_controller_option" file="/app/tests/Feature/Console/Commands/ModelMakeCommand/OptionsTest.php" line="108" class="Tests\Feature\Playground\Make\Model\Console\Commands\ModelMakeCommand\OptionsTest" classname="Tests.Feature.Playground.Make.Model.Console.Commands.ModelMakeCommand.OptionsTest" assertions="1" time="0.055548"/>
        <testcase name="test_command_make_model_with_resource_controller_option" file="/app/tests/Feature/Console/Commands/ModelMakeCommand/OptionsTest.php" line="119" class="Tests\Feature\Playground\Make\Model\Console\Commands\ModelMakeCommand\OptionsTest" classname="Tests.Feature.Playground.Make.Model.Console.Commands.ModelMakeCommand.OptionsTest" assertions="1" time="0.055861"/>
      </testsuite>
      <testsuite name="Tests\Feature\Playground\Make\Model\Console\Commands\SeederMakeCommand\CommandTest" file="/app/tests/Feature/Console/Commands/SeederMakeCommand/CommandTest.php" tests="2" assertions="3" errors="0" failures="0" skipped="0" time="0.053906">
        <testcase name="test_command_without_options_or_arguments" file="/app/tests/Feature/Console/Commands/SeederMakeCommand/CommandTest.php" line="19" class="Tests\Feature\Playground\Make\Model\Console\Commands\SeederMakeCommand\CommandTest" classname="Tests.Feature.Playground.Make.Model.Console.Commands.SeederMakeCommand.CommandTest" assertions="2" time="0.026109"/>
        <testcase name="test_command_skeleton" file="/app/tests/Feature/Console/Commands/SeederMakeCommand/CommandTest.php" line="29" class="Tests\Feature\Playground\Make\Model\Console\Commands\SeederMakeCommand\CommandTest" classname="Tests.Feature.Playground.Make.Model.Console.Commands.SeederMakeCommand.CommandTest" assertions="1" time="0.027797"/>
      </testsuite>
    </testsuite>
  </testsuite>
</testsuites>
