<?xml version="1.0" encoding="UTF-8"?>
<testsuites>
  <testsuite name="/app/phpunit.xml.dist" tests="57" assertions="125" errors="0" failures="0" skipped="1" time="2.827105">
    <testsuite name="Unit" tests="12" assertions="66" errors="0" failures="0" skipped="0" time="0.500104">
      <testsuite name="Tests\Unit\Playground\Make\Model\Configuration\Factory\InstanceTest" file="/app/tests/Unit/Configuration/Factory/InstanceTest.php" tests="4" assertions="21" errors="0" failures="0" skipped="0" time="0.297834">
        <testcase name="test_instance" file="/app/tests/Unit/Configuration/Factory/InstanceTest.php" line="19" class="Tests\Unit\Playground\Make\Model\Configuration\Factory\InstanceTest" classname="Tests.Unit.Playground.Make.Model.Configuration.Factory.InstanceTest" assertions="1" time="0.228138"/>
        <testcase name="test_instance_apply_without_options" file="/app/tests/Unit/Configuration/Factory/InstanceTest.php" line="46" class="Tests\Unit\Playground\Make\Model\Configuration\Factory\InstanceTest" classname="Tests.Unit.Playground.Make.Model.Configuration.Factory.InstanceTest" assertions="4" time="0.024091"/>
        <testcase name="test_folder_is_empty_by_default" file="/app/tests/Unit/Configuration/Factory/InstanceTest.php" line="63" class="Tests\Unit\Playground\Make\Model\Configuration\Factory\InstanceTest" classname="Tests.Unit.Playground.Make.Model.Configuration.Factory.InstanceTest" assertions="3" time="0.022436"/>
        <testcase name="test_factory_for_model_with_file_and_skeleton" file="/app/tests/Unit/Configuration/Factory/InstanceTest.php" line="73" class="Tests\Unit\Playground\Make\Model\Configuration\Factory\InstanceTest" classname="Tests.Unit.Playground.Make.Model.Configuration.Factory.InstanceTest" assertions="13" time="0.023170"/>
      </testsuite>
      <testsuite name="Tests\Unit\Playground\Make\Model\Configuration\Migration\InstanceTest" file="/app/tests/Unit/Configuration/Migration/InstanceTest.php" tests="4" assertions="24" errors="0" failures="0" skipped="0" time="0.102617">
        <testcase name="test_instance" file="/app/tests/Unit/Configuration/Migration/InstanceTest.php" line="19" class="Tests\Unit\Playground\Make\Model\Configuration\Migration\InstanceTest" classname="Tests.Unit.Playground.Make.Model.Configuration.Migration.InstanceTest" assertions="1" time="0.033925"/>
        <testcase name="test_instance_apply_without_options" file="/app/tests/Unit/Configuration/Migration/InstanceTest.php" line="47" class="Tests\Unit\Playground\Make\Model\Configuration\Migration\InstanceTest" classname="Tests.Unit.Playground.Make.Model.Configuration.Migration.InstanceTest" assertions="4" time="0.022886"/>
        <testcase name="test_folder_is_empty_by_default" file="/app/tests/Unit/Configuration/Migration/InstanceTest.php" line="64" class="Tests\Unit\Playground\Make\Model\Configuration\Migration\InstanceTest" classname="Tests.Unit.Playground.Make.Model.Configuration.Migration.InstanceTest" assertions="3" time="0.022742"/>
        <testcase name="test_migration_for_model_with_file_and_skeleton" file="/app/tests/Unit/Configuration/Migration/InstanceTest.php" line="74" class="Tests\Unit\Playground\Make\Model\Configuration\Migration\InstanceTest" classname="Tests.Unit.Playground.Make.Model.Configuration.Migration.InstanceTest" assertions="16" time="0.023064"/>
      </testsuite>
      <testsuite name="Tests\Unit\Playground\Make\Model\Configuration\Seeder\InstanceTest" file="/app/tests/Unit/Configuration/Seeder/InstanceTest.php" tests="4" assertions="21" errors="0" failures="0" skipped="0" time="0.099653">
        <testcase name="test_instance" file="/app/tests/Unit/Configuration/Seeder/InstanceTest.php" line="19" class="Tests\Unit\Playground\Make\Model\Configuration\Seeder\InstanceTest" classname="Tests.Unit.Playground.Make.Model.Configuration.Seeder.InstanceTest" assertions="1" time="0.030275"/>
        <testcase name="test_instance_apply_without_options" file="/app/tests/Unit/Configuration/Seeder/InstanceTest.php" line="46" class="Tests\Unit\Playground\Make\Model\Configuration\Seeder\InstanceTest" classname="Tests.Unit.Playground.Make.Model.Configuration.Seeder.InstanceTest" assertions="4" time="0.022286"/>
        <testcase name="test_folder_is_empty_by_default" file="/app/tests/Unit/Configuration/Seeder/InstanceTest.php" line="63" class="Tests\Unit\Playground\Make\Model\Configuration\Seeder\InstanceTest" classname="Tests.Unit.Playground.Make.Model.Configuration.Seeder.InstanceTest" assertions="3" time="0.022360"/>
        <testcase name="test_seeder_for_model_with_file_and_skeleton" file="/app/tests/Unit/Configuration/Seeder/InstanceTest.php" line="73" class="Tests\Unit\Playground\Make\Model\Configuration\Seeder\InstanceTest" classname="Tests.Unit.Playground.Make.Model.Configuration.Seeder.InstanceTest" assertions="13" time="0.024731"/>
      </testsuite>
    </testsuite>
    <testsuite name="Feature" tests="45" assertions="59" errors="0" failures="0" skipped="1" time="2.327001">
      <testsuite name="Tests\Feature\Playground\Make\Model\Console\Commands\About\CommandTest" file="/app/tests/Feature/Console/Commands/About/CommandTest.php" tests="1" assertions="2" errors="0" failures="0" skipped="0" time="0.726454">
        <testcase name="test_command_about_displays_package_information_and_succeed_with_code_0" file="/app/tests/Feature/Console/Commands/About/CommandTest.php" line="27" class="Tests\Feature\Playground\Make\Model\Console\Commands\About\CommandTest" classname="Tests.Feature.Playground.Make.Model.Console.Commands.About.CommandTest" assertions="2" time="0.726454"/>
      </testsuite>
      <testsuite name="Tests\Feature\Playground\Make\Model\Console\Commands\FactoryMakeCommand\CommandTest" file="/app/tests/Feature/Console/Commands/FactoryMakeCommand/CommandTest.php" tests="2" assertions="3" errors="0" failures="0" skipped="0" time="0.061270">
        <testcase name="test_command_without_options_or_arguments" file="/app/tests/Feature/Console/Commands/FactoryMakeCommand/CommandTest.php" line="19" class="Tests\Feature\Playground\Make\Model\Console\Commands\FactoryMakeCommand\CommandTest" classname="Tests.Feature.Playground.Make.Model.Console.Commands.FactoryMakeCommand.CommandTest" assertions="2" time="0.031226"/>
        <testcase name="test_command_skeleton" file="/app/tests/Feature/Console/Commands/FactoryMakeCommand/CommandTest.php" line="29" class="Tests\Feature\Playground\Make\Model\Console\Commands\FactoryMakeCommand\CommandTest" classname="Tests.Feature.Playground.Make.Model.Console.Commands.FactoryMakeCommand.CommandTest" assertions="1" time="0.030044"/>
      </testsuite>
      <testsuite name="Tests\Feature\Playground\Make\Model\Console\Commands\FactoryMakeCommand\ModelTest" file="/app/tests/Feature/Console/Commands/FactoryMakeCommand/ModelTest.php" tests="2" assertions="2" errors="0" failures="0" skipped="0" time="0.063764">
        <testcase name="test_command_make_factory_with_force_and_without_skeleton" file="/app/tests/Feature/Console/Commands/FactoryMakeCommand/ModelTest.php" line="19" class="Tests\Feature\Playground\Make\Model\Console\Commands\FactoryMakeCommand\ModelTest" classname="Tests.Feature.Playground.Make.Model.Console.Commands.FactoryMakeCommand.ModelTest" assertions="1" time="0.033134"/>
        <testcase name="test_command_make_factory_with_force_and_with_skeleton" file="/app/tests/Feature/Console/Commands/FactoryMakeCommand/ModelTest.php" line="33" class="Tests\Feature\Playground\Make\Model\Console\Commands\FactoryMakeCommand\ModelTest" classname="Tests.Feature.Playground.Make.Model.Console.Commands.FactoryMakeCommand.ModelTest" assertions="1" time="0.030630"/>
      </testsuite>
      <testsuite name="Tests\Feature\Playground\Make\Model\Console\Commands\MigrationMakeCommand\CommandTest" file="/app/tests/Feature/Console/Commands/MigrationMakeCommand/CommandTest.php" tests="7" assertions="10" errors="0" failures="0" skipped="1" time="0.203999">
        <testcase name="test_command_without_argument_and_with_table_option" file="/app/tests/Feature/Console/Commands/MigrationMakeCommand/CommandTest.php" line="17" class="Tests\Feature\Playground\Make\Model\Console\Commands\MigrationMakeCommand\CommandTest" classname="Tests.Feature.Playground.Make.Model.Console.Commands.MigrationMakeCommand.CommandTest" assertions="2" time="0.028810"/>
        <testcase name="test_command_with_reserved_name" file="/app/tests/Feature/Console/Commands/MigrationMakeCommand/CommandTest.php" line="27" class="Tests\Feature\Playground\Make\Model\Console\Commands\MigrationMakeCommand\CommandTest" classname="Tests.Feature.Playground.Make.Model.Console.Commands.MigrationMakeCommand.CommandTest" assertions="2" time="0.031772"/>
        <testcase name="test_command_skeleton" file="/app/tests/Feature/Console/Commands/MigrationMakeCommand/CommandTest.php" line="37" class="Tests\Feature\Playground\Make\Model\Console\Commands\MigrationMakeCommand\CommandTest" classname="Tests.Feature.Playground.Make.Model.Console.Commands.MigrationMakeCommand.CommandTest" assertions="1" time="0.028845"/>
        <testcase name="test_command_skeleton_without_force" file="/app/tests/Feature/Console/Commands/MigrationMakeCommand/CommandTest.php" line="46" class="Tests\Feature\Playground\Make\Model\Console\Commands\MigrationMakeCommand\CommandTest" classname="Tests.Feature.Playground.Make.Model.Console.Commands.MigrationMakeCommand.CommandTest" assertions="2" time="0.026545"/>
        <testcase name="test_command_skeleton_with_invalid_table_parameter" file="/app/tests/Feature/Console/Commands/MigrationMakeCommand/CommandTest.php" line="56" class="Tests\Feature\Playground\Make\Model\Console\Commands\MigrationMakeCommand\CommandTest" classname="Tests.Feature.Playground.Make.Model.Console.Commands.MigrationMakeCommand.CommandTest" assertions="2" time="0.030489"/>
        <testcase name="test_command_skeleton_with_invalid_table_in_file" file="/app/tests/Feature/Console/Commands/MigrationMakeCommand/CommandTest.php" line="67" class="Tests\Feature\Playground\Make\Model\Console\Commands\MigrationMakeCommand\CommandTest" classname="Tests.Feature.Playground.Make.Model.Console.Commands.MigrationMakeCommand.CommandTest" assertions="0" time="0.023707">
          <skipped/>
        </testcase>
        <testcase name="test_command_skeleton_with_empty_name_in_file" file="/app/tests/Feature/Console/Commands/MigrationMakeCommand/CommandTest.php" line="85" class="Tests\Feature\Playground\Make\Model\Console\Commands\MigrationMakeCommand\CommandTest" classname="Tests.Feature.Playground.Make.Model.Console.Commands.MigrationMakeCommand.CommandTest" assertions="1" time="0.033830"/>
      </testsuite>
      <testsuite name="Tests\Feature\Playground\Make\Model\Console\Commands\MigrationMakeCommand\InteractiveTest" file="/app/tests/Feature/Console/Commands/MigrationMakeCommand/InteractiveTest.php" tests="2" assertions="7" errors="0" failures="0" skipped="0" time="0.059179">
        <testcase name="test_command_with_interactive_option" file="/app/tests/Feature/Console/Commands/MigrationMakeCommand/InteractiveTest.php" line="23" class="Tests\Feature\Playground\Make\Model\Console\Commands\MigrationMakeCommand\InteractiveTest" classname="Tests.Feature.Playground.Make.Model.Console.Commands.MigrationMakeCommand.InteractiveTest" assertions="5" time="0.031067"/>
        <testcase name="test_command_with_interactive_option_and_cancel" file="/app/tests/Feature/Console/Commands/MigrationMakeCommand/InteractiveTest.php" line="39" class="Tests\Feature\Playground\Make\Model\Console\Commands\MigrationMakeCommand\InteractiveTest" classname="Tests.Feature.Playground.Make.Model.Console.Commands.MigrationMakeCommand.InteractiveTest" assertions="2" time="0.028112"/>
      </testsuite>
      <testsuite name="Tests\Feature\Playground\Make\Model\Console\Commands\MigrationMakeCommand\ModelTest" file="/app/tests/Feature/Console/Commands/MigrationMakeCommand/ModelTest.php" tests="10" assertions="12" errors="0" failures="0" skipped="0" time="0.347386">
        <testcase name="test_command_make_migration_without_name_with_force_and_without_skeleton" file="/app/tests/Feature/Console/Commands/MigrationMakeCommand/ModelTest.php" line="20" class="Tests\Feature\Playground\Make\Model\Console\Commands\MigrationMakeCommand\ModelTest" classname="Tests.Feature.Playground.Make.Model.Console.Commands.MigrationMakeCommand.ModelTest" assertions="2" time="0.030035"/>
        <testcase name="test_command_make_migration_with_force_and_with_skeleton" file="/app/tests/Feature/Console/Commands/MigrationMakeCommand/ModelTest.php" line="35" class="Tests\Feature\Playground\Make\Model\Console\Commands\MigrationMakeCommand\ModelTest" classname="Tests.Feature.Playground.Make.Model.Console.Commands.MigrationMakeCommand.ModelTest" assertions="1" time="0.033610"/>
        <testcase name="test_command_make_create_migration_with_force_and_without_skeleton" file="/app/tests/Feature/Console/Commands/MigrationMakeCommand/ModelTest.php" line="50" class="Tests\Feature\Playground\Make\Model\Console\Commands\MigrationMakeCommand\ModelTest" classname="Tests.Feature.Playground.Make.Model.Console.Commands.MigrationMakeCommand.ModelTest" assertions="1" time="0.035432"/>
        <testcase name="test_command_make_create_migration_without_name_with_force_and_without_skeleton" file="/app/tests/Feature/Console/Commands/MigrationMakeCommand/ModelTest.php" line="64" class="Tests\Feature\Playground\Make\Model\Console\Commands\MigrationMakeCommand\ModelTest" classname="Tests.Feature.Playground.Make.Model.Console.Commands.MigrationMakeCommand.ModelTest" assertions="2" time="0.031698"/>
        <testcase name="test_command_make_create_migration_with_force_and_with_skeleton" file="/app/tests/Feature/Console/Commands/MigrationMakeCommand/ModelTest.php" line="79" class="Tests\Feature\Playground\Make\Model\Console\Commands\MigrationMakeCommand\ModelTest" classname="Tests.Feature.Playground.Make.Model.Console.Commands.MigrationMakeCommand.ModelTest" assertions="1" time="0.034456"/>
        <testcase name="test_command_make_update_migration_with_force_and_without_skeleton" file="/app/tests/Feature/Console/Commands/MigrationMakeCommand/ModelTest.php" line="94" class="Tests\Feature\Playground\Make\Model\Console\Commands\MigrationMakeCommand\ModelTest" classname="Tests.Feature.Playground.Make.Model.Console.Commands.MigrationMakeCommand.ModelTest" assertions="1" time="0.032762"/>
        <testcase name="test_command_make_update_migration_with_force_and_with_skeleton" file="/app/tests/Feature/Console/Commands/MigrationMakeCommand/ModelTest.php" line="108" class="Tests\Feature\Playground\Make\Model\Console\Commands\MigrationMakeCommand\ModelTest" classname="Tests.Feature.Playground.Make.Model.Console.Commands.MigrationMakeCommand.ModelTest" assertions="1" time="0.038759"/>
        <testcase name="test_command_make_create_migration_and_load_model_from_migration_configuration" file="/app/tests/Feature/Console/Commands/MigrationMakeCommand/ModelTest.php" line="123" class="Tests\Feature\Playground\Make\Model\Console\Commands\MigrationMakeCommand\ModelTest" classname="Tests.Feature.Playground.Make.Model.Console.Commands.MigrationMakeCommand.ModelTest" assertions="1" time="0.036250"/>
        <testcase name="test_command_make_create_migration_with_bare_model_skeleton" file="/app/tests/Feature/Console/Commands/MigrationMakeCommand/ModelTest.php" line="139" class="Tests\Feature\Playground\Make\Model\Console\Commands\MigrationMakeCommand\ModelTest" classname="Tests.Feature.Playground.Make.Model.Console.Commands.MigrationMakeCommand.ModelTest" assertions="1" time="0.037404"/>
        <testcase name="test_command_make_create_migration_with_sparse_model_skeleton" file="/app/tests/Feature/Console/Commands/MigrationMakeCommand/ModelTest.php" line="153" class="Tests\Feature\Playground\Make\Model\Console\Commands\MigrationMakeCommand\ModelTest" classname="Tests.Feature.Playground.Make.Model.Console.Commands.MigrationMakeCommand.ModelTest" assertions="1" time="0.036981"/>
      </testsuite>
      <testsuite name="Tests\Feature\Playground\Make\Model\Console\Commands\ModelMakeCommand\CommandTest" file="/app/tests/Feature/Console/Commands/ModelMakeCommand/CommandTest.php" tests="3" assertions="4" errors="0" failures="0" skipped="0" time="0.144086">
        <testcase name="test_command_without_options_or_arguments" file="/app/tests/Feature/Console/Commands/ModelMakeCommand/CommandTest.php" line="19" class="Tests\Feature\Playground\Make\Model\Console\Commands\ModelMakeCommand\CommandTest" classname="Tests.Feature.Playground.Make.Model.Console.Commands.ModelMakeCommand.CommandTest" assertions="2" time="0.031222"/>
        <testcase name="test_command_skeleton" file="/app/tests/Feature/Console/Commands/ModelMakeCommand/CommandTest.php" line="29" class="Tests\Feature\Playground\Make\Model\Console\Commands\ModelMakeCommand\CommandTest" classname="Tests.Feature.Playground.Make.Model.Console.Commands.ModelMakeCommand.CommandTest" assertions="1" time="0.079855"/>
        <testcase name="test_command_with_invalid_file" file="/app/tests/Feature/Console/Commands/ModelMakeCommand/CommandTest.php" line="38" class="Tests\Feature\Playground\Make\Model\Console\Commands\ModelMakeCommand\CommandTest" classname="Tests.Feature.Playground.Make.Model.Console.Commands.ModelMakeCommand.CommandTest" assertions="1" time="0.033009"/>
      </testsuite>
      <testsuite name="Tests\Feature\Playground\Make\Model\Console\Commands\ModelMakeCommand\ConfigurationTest" file="/app/tests/Feature/Console/Commands/ModelMakeCommand/ConfigurationTest.php" tests="1" assertions="1" errors="0" failures="0" skipped="0" time="0.088282">
        <testcase name="test_command_with_file_skeleton_and_force" file="/app/tests/Feature/Console/Commands/ModelMakeCommand/ConfigurationTest.php" line="20" class="Tests\Feature\Playground\Make\Model\Console\Commands\ModelMakeCommand\ConfigurationTest" classname="Tests.Feature.Playground.Make.Model.Console.Commands.ModelMakeCommand.ConfigurationTest" assertions="1" time="0.088282"/>
      </testsuite>
      <testsuite name="Tests\Feature\Playground\Make\Model\Console\Commands\ModelMakeCommand\ModelTest" file="/app/tests/Feature/Console/Commands/ModelMakeCommand/ModelTest.php" tests="5" assertions="5" errors="0" failures="0" skipped="0" time="0.254804">
        <testcase name="test_command_make_model_with_force" file="/app/tests/Feature/Console/Commands/ModelMakeCommand/ModelTest.php" line="19" class="Tests\Feature\Playground\Make\Model\Console\Commands\ModelMakeCommand\ModelTest" classname="Tests.Feature.Playground.Make.Model.Console.Commands.ModelMakeCommand.ModelTest" assertions="1" time="0.054120"/>
        <testcase name="test_command_make_playground_model_api_with_force" file="/app/tests/Feature/Console/Commands/ModelMakeCommand/ModelTest.php" line="33" class="Tests\Feature\Playground\Make\Model\Console\Commands\ModelMakeCommand\ModelTest" classname="Tests.Feature.Playground.Make.Model.Console.Commands.ModelMakeCommand.ModelTest" assertions="1" time="0.050389"/>
        <testcase name="test_command_make_playground_model_resource_with_force" file="/app/tests/Feature/Console/Commands/ModelMakeCommand/ModelTest.php" line="47" class="Tests\Feature\Playground\Make\Model\Console\Commands\ModelMakeCommand\ModelTest" classname="Tests.Feature.Playground.Make.Model.Console.Commands.ModelMakeCommand.ModelTest" assertions="1" time="0.049613"/>
        <testcase name="test_command_make_all_playground_model_api_with_force" file="/app/tests/Feature/Console/Commands/ModelMakeCommand/ModelTest.php" line="61" class="Tests\Feature\Playground\Make\Model\Console\Commands\ModelMakeCommand\ModelTest" classname="Tests.Feature.Playground.Make.Model.Console.Commands.ModelMakeCommand.ModelTest" assertions="1" time="0.049483"/>
        <testcase name="test_command_make_all_playground_model_resource_with_force" file="/app/tests/Feature/Console/Commands/ModelMakeCommand/ModelTest.php" line="75" class="Tests\Feature\Playground\Make\Model\Console\Commands\ModelMakeCommand\ModelTest" classname="Tests.Feature.Playground.Make.Model.Console.Commands.ModelMakeCommand.ModelTest" assertions="1" time="0.051200"/>
      </testsuite>
      <testsuite name="Tests\Feature\Playground\Make\Model\Console\Commands\ModelMakeCommand\OptionsTest" file="/app/tests/Feature/Console/Commands/ModelMakeCommand/OptionsTest.php" tests="10" assertions="10" errors="0" failures="0" skipped="0" time="0.324300">
        <testcase name="test_command_make_model_with_all_of_the_option_flags_except_test" file="/app/tests/Feature/Console/Commands/ModelMakeCommand/OptionsTest.php" line="19" class="Tests\Feature\Playground\Make\Model\Console\Commands\ModelMakeCommand\OptionsTest" classname="Tests.Feature.Playground.Make.Model.Console.Commands.ModelMakeCommand.OptionsTest" assertions="1" time="0.034798"/>
        <testcase name="test_command_make_model_with_pivot_type" file="/app/tests/Feature/Console/Commands/ModelMakeCommand/OptionsTest.php" line="31" class="Tests\Feature\Playground\Make\Model\Console\Commands\ModelMakeCommand\OptionsTest" classname="Tests.Feature.Playground.Make.Model.Console.Commands.ModelMakeCommand.OptionsTest" assertions="1" time="0.031208"/>
        <testcase name="test_command_make_model_with_pivot_option" file="/app/tests/Feature/Console/Commands/ModelMakeCommand/OptionsTest.php" line="42" class="Tests\Feature\Playground\Make\Model\Console\Commands\ModelMakeCommand\OptionsTest" classname="Tests.Feature.Playground.Make.Model.Console.Commands.ModelMakeCommand.OptionsTest" assertions="1" time="0.030757"/>
        <testcase name="test_command_make_model_with_morph_pivot_type" file="/app/tests/Feature/Console/Commands/ModelMakeCommand/OptionsTest.php" line="53" class="Tests\Feature\Playground\Make\Model\Console\Commands\ModelMakeCommand\OptionsTest" classname="Tests.Feature.Playground.Make.Model.Console.Commands.ModelMakeCommand.OptionsTest" assertions="1" time="0.031262"/>
        <testcase name="test_command_make_model_with_morph_pivot_option" file="/app/tests/Feature/Console/Commands/ModelMakeCommand/OptionsTest.php" line="64" class="Tests\Feature\Playground\Make\Model\Console\Commands\ModelMakeCommand\OptionsTest" classname="Tests.Feature.Playground.Make.Model.Console.Commands.ModelMakeCommand.OptionsTest" assertions="1" time="0.031177"/>
        <testcase name="test_command_make_model_with_api_type" file="/app/tests/Feature/Console/Commands/ModelMakeCommand/OptionsTest.php" line="75" class="Tests\Feature\Playground\Make\Model\Console\Commands\ModelMakeCommand\OptionsTest" classname="Tests.Feature.Playground.Make.Model.Console.Commands.ModelMakeCommand.OptionsTest" assertions="1" time="0.032194"/>
        <testcase name="test_command_make_model_with_abstract_type" file="/app/tests/Feature/Console/Commands/ModelMakeCommand/OptionsTest.php" line="86" class="Tests\Feature\Playground\Make\Model\Console\Commands\ModelMakeCommand\OptionsTest" classname="Tests.Feature.Playground.Make.Model.Console.Commands.ModelMakeCommand.OptionsTest" assertions="1" time="0.033025"/>
        <testcase name="test_command_make_model_with_model_type" file="/app/tests/Feature/Console/Commands/ModelMakeCommand/OptionsTest.php" line="97" class="Tests\Feature\Playground\Make\Model\Console\Commands\ModelMakeCommand\OptionsTest" classname="Tests.Feature.Playground.Make.Model.Console.Commands.ModelMakeCommand.OptionsTest" assertions="1" time="0.032944"/>
        <testcase name="test_command_make_model_with_api_controller_option" file="/app/tests/Feature/Console/Commands/ModelMakeCommand/OptionsTest.php" line="108" class="Tests\Feature\Playground\Make\Model\Console\Commands\ModelMakeCommand\OptionsTest" classname="Tests.Feature.Playground.Make.Model.Console.Commands.ModelMakeCommand.OptionsTest" assertions="1" time="0.032829"/>
        <testcase name="test_command_make_model_with_resource_controller_option" file="/app/tests/Feature/Console/Commands/ModelMakeCommand/OptionsTest.php" line="119" class="Tests\Feature\Playground\Make\Model\Console\Commands\ModelMakeCommand\OptionsTest" classname="Tests.Feature.Playground.Make.Model.Console.Commands.ModelMakeCommand.OptionsTest" assertions="1" time="0.034108"/>
      </testsuite>
      <testsuite name="Tests\Feature\Playground\Make\Model\Console\Commands\SeederMakeCommand\CommandTest" file="/app/tests/Feature/Console/Commands/SeederMakeCommand/CommandTest.php" tests="2" assertions="3" errors="0" failures="0" skipped="0" time="0.053477">
        <testcase name="test_command_without_options_or_arguments" file="/app/tests/Feature/Console/Commands/SeederMakeCommand/CommandTest.php" line="19" class="Tests\Feature\Playground\Make\Model\Console\Commands\SeederMakeCommand\CommandTest" classname="Tests.Feature.Playground.Make.Model.Console.Commands.SeederMakeCommand.CommandTest" assertions="2" time="0.025933"/>
        <testcase name="test_command_skeleton" file="/app/tests/Feature/Console/Commands/SeederMakeCommand/CommandTest.php" line="29" class="Tests\Feature\Playground\Make\Model\Console\Commands\SeederMakeCommand\CommandTest" classname="Tests.Feature.Playground.Make.Model.Console.Commands.SeederMakeCommand.CommandTest" assertions="1" time="0.027544"/>
      </testsuite>
    </testsuite>
  </testsuite>
</testsuites>
